2025-10-13 21:42:23 INFO imswitch Logging to file: /Users/bene/ImSwitchConfig/logs/imswitch_2025-10-13_21-42-23.log
2025-10-13 21:42:23 INFO imswitch [main] Starting ImSwitch 2.1.41
2025-10-13 21:42:23 INFO imswitch [main] Headless mode: True
2025-10-13 21:42:23 INFO imswitch [main] SSL: 0
2025-10-13 21:42:23 INFO imswitch [main] Config file: /Users/bene/ImSwitchConfig/imcontrol_setups/example_virtual_microscope.json
2025-10-13 21:42:23 INFO imswitch [main] Config folder: None
2025-10-13 21:42:23 INFO imswitch [main] Data folder: None
2025-10-13 21:42:23 INFO imswitch [main] Log level: INFO
2025-10-13 21:42:23 INFO imswitch [main] Log to file: True
2025-10-13 21:42:30 INFO imswitch [ExperimentManager] OMERO configuration loaded from setup info
2025-10-13 21:42:30 INFO imswitch [ArkitektManager] Loaded Arkitekt config from setupInfo: enabled=True, app_name=imswitch
2025-10-13 21:42:30 INFO imswitch [ArkitektManager] Starting Arkitekt on url: go.arkitekt.live
2025-10-13 21:42:31 INFO imswitch [ArkitektManager] Arkitekt integration initialized successfully
2025-10-13 21:42:31 INFO imswitch [ImConMainController] Creating controller for widget Settings
2025-10-13 21:42:31 INFO imswitch [ImConMainController] Creating controller for widget View
2025-10-13 21:42:31 INFO imswitch [ImConMainController] Creating controller for widget Recording
2025-10-13 21:42:31 INFO imswitch [ImConMainController] Creating controller for widget Laser
2025-10-13 21:42:31 INFO imswitch [ImConMainController] Creating controller for widget Positioner
2025-10-13 21:42:31 INFO imswitch [ImConMainController] Creating controller for widget Autofocus
2025-10-13 21:42:31 INFO imswitch [ImConMainController] Creating controller for widget MCT
2025-10-13 21:42:31 INFO imswitch [ImConMainController] Creating controller for widget ROIScan
2025-10-13 21:42:31 INFO imswitch [ImConMainController] Creating controller for widget HistoScan
2025-10-13 21:42:32 ERROR imswitch [HistoScanController] Could not connect to remote histo manager: 'VirtualMicroscopeManager' object has no attribute '_imswitch_client'
2025-10-13 21:42:32 INFO imswitch [ImConMainController] Creating controller for widget Lightsheet
2025-10-13 21:42:32 INFO imswitch [ImConMainController] Creating controller for widget Workflow
2025-10-13 21:42:32 INFO imswitch [ImConMainController] Creating controller for widget Experiment
2025-10-13 21:42:32 INFO imswitch [ImConMainController] Creating controller for widget Timelapse
2025-10-13 21:42:32 INFO imswitch [ImConMainController] Creating controller for widget UC2Config
2025-10-13 21:42:32 ERROR imswitch [UC2ConfigController] Could not register callback: 'UC2ConfigManager' object has no attribute 'ESP32'
2025-10-13 21:42:32 INFO imswitch [ImConMainController] Creating controller for widget Objective
2025-10-13 21:42:32 ERROR imswitch [ObjectiveController] ESP32Stage is not available in the positioners manager, cannot home objective.
2025-10-13 21:42:32 INFO imswitch [ImConMainController] Creating controller for widget Stresstest
2025-10-13 21:42:32 INFO imswitch [StresstestController] Loaded default parameters from StresstestManager
2025-10-13 21:42:32 INFO imswitch [StresstestController] Using positioner: VirtualStage
2025-10-13 21:42:32 INFO imswitch [StresstestController] Using detector: WidefieldCamera
2025-10-13 21:42:32 INFO imswitch [StresstestController] Using laser: LED
2025-10-13 21:42:32 INFO imswitch [StresstestController] StresstestController initialized
2025-10-13 21:42:32 INFO imswitch [ImConMainController] Creating controller for widget ESP32InfoScreen
2025-10-13 21:42:32 ERROR imswitch [ESP32InfoScreenController] 'VirtualLaserManager' object has no attribute 'setGalvo'
2025-10-13 21:42:32 INFO imswitch [ImConMainController] Creating controller for widget StageCenterCalibration
2025-10-13 21:42:32 INFO imswitch [ImConMainController] Creating controller for widget Demo
2025-10-13 21:42:32 INFO imswitch [DemoController] Using positioner: VirtualStage
2025-10-13 21:42:32 WARNING imswitch [DemoController] LEDMatrixManager not available
2025-10-13 21:42:32 INFO imswitch [DemoController] Using lasers: ['LED', 'LASER']
2025-10-13 21:42:32 INFO imswitch [DemoController] DemoController initialized
2025-10-13 21:42:32 INFO imswitch [ImConMainController] Creating controller for widget FocusLock
2025-10-13 21:42:32 INFO imswitch.imcontrol.controller.loggingutils CSV logger initialized: /Users/bene/ImSwitchConfig/FocusLockController
2025-10-13 21:42:32 INFO imswitch [FocusLockController] CSV logging initialized at: /Users/bene/ImSwitchConfig/FocusLockController
2025-10-13 21:42:32 INFO imswitch [ImConMainController] Creating controller for widget Arkitekt
2025-10-13 21:42:32 INFO imswitch [ImConMainController] Creating controller for widget MazeGame
2025-10-13 21:42:32 INFO imswitch [ImConMainController] Creating controller for widget WiFi
2025-10-13 21:42:32 INFO imswitch [main] initialize module imcontrol
2025-10-13 21:42:37 INFO imswitch [main] initialize module imnotebook
2025-10-13 21:42:37 INFO imswitch [main] init done
